[0.238s] DEBUG:colcon:Command line arguments: ['/usr/bin/colcon', 'build']
[0.238s] DEBUG:colcon:Parsed command line arguments: Namespace(allow_overriding=[], ament_cmake_args=None, base_paths=['.'], build_base='build', catkin_cmake_args=None, catkin_skip_building_tests=False, cmake_args=None, cmake_clean_cache=False, cmake_clean_first=False, cmake_force_configure=False, cmake_target=None, cmake_target_skip_unavailable=False, continue_on_error=False, event_handlers=None, executor='parallel', ignore_user_meta=False, install_base='install', log_base=None, log_level=None, main=<bound method BuildVerb.main of <colcon_core.verb.build.BuildVerb object at 0x7f13bfbe03d0>>, merge_install=False, metas=['./colcon.meta'], mixin=None, mixin_files=None, mixin_verb=('build',), packages_above=None, packages_above_and_dependencies=None, packages_above_depth=None, packages_end=None, packages_ignore=None, packages_ignore_regex=None, packages_select=None, packages_select_build_failed=False, packages_select_by_dep=None, packages_select_regex=None, packages_select_test_failures=False, packages_skip=None, packages_skip_build_finished=False, packages_skip_by_dep=None, packages_skip_regex=None, packages_skip_test_passed=False, packages_skip_up_to=None, packages_start=None, packages_up_to=None, packages_up_to_regex=None, parallel_workers=12, paths=None, symlink_install=False, test_result_base=None, verb_extension=<colcon_core.verb.build.BuildVerb object at 0x7f13bfbe03d0>, verb_name='build', verb_parser=<colcon_mixin.mixin.mixin_argument.MixinArgumentDecorator object at 0x7f13bfa3e670>)
[0.452s] Level 1:colcon.colcon_core.package_discovery:discover_packages(colcon_meta) check parameters
[0.452s] Level 1:colcon.colcon_core.package_discovery:discover_packages(recursive) check parameters
[0.452s] Level 1:colcon.colcon_core.package_discovery:discover_packages(ignore) check parameters
[0.452s] Level 1:colcon.colcon_core.package_discovery:discover_packages(path) check parameters
[0.452s] Level 1:colcon.colcon_core.package_discovery:discover_packages(colcon_meta) discover
[0.452s] Level 1:colcon.colcon_core.package_discovery:discover_packages(recursive) discover
[0.452s] INFO:colcon.colcon_core.package_discovery:Crawling recursively for packages in '/home/tong/robocon_ws/r1_ws'
[0.452s] Level 1:colcon.colcon_core.package_identification:_identify(.) by extensions ['ignore', 'ignore_ament_install']
[0.452s] Level 1:colcon.colcon_core.package_identification:_identify(.) by extension 'ignore'
[0.452s] Level 1:colcon.colcon_core.package_identification:_identify(.) by extension 'ignore_ament_install'
[0.452s] Level 1:colcon.colcon_core.package_identification:_identify(.) by extensions ['colcon_pkg']
[0.452s] Level 1:colcon.colcon_core.package_identification:_identify(.) by extension 'colcon_pkg'
[0.452s] Level 1:colcon.colcon_core.package_identification:_identify(.) by extensions ['colcon_meta']
[0.452s] Level 1:colcon.colcon_core.package_identification:_identify(.) by extension 'colcon_meta'
[0.452s] Level 1:colcon.colcon_core.package_identification:_identify(.) by extensions ['ros']
[0.452s] Level 1:colcon.colcon_core.package_identification:_identify(.) by extension 'ros'
[0.461s] Level 1:colcon.colcon_core.package_identification:_identify(.) by extensions ['cmake', 'python']
[0.461s] Level 1:colcon.colcon_core.package_identification:_identify(.) by extension 'cmake'
[0.461s] Level 1:colcon.colcon_core.package_identification:_identify(.) by extension 'python'
[0.461s] Level 1:colcon.colcon_core.package_identification:_identify(.) by extensions ['python_setup_py']
[0.461s] Level 1:colcon.colcon_core.package_identification:_identify(.) by extension 'python_setup_py'
[0.461s] Level 1:colcon.colcon_core.package_identification:_identify(build) by extensions ['ignore', 'ignore_ament_install']
[0.461s] Level 1:colcon.colcon_core.package_identification:_identify(build) by extension 'ignore'
[0.461s] Level 1:colcon.colcon_core.package_identification:_identify(build) ignored
[0.461s] Level 1:colcon.colcon_core.package_identification:_identify(install) by extensions ['ignore', 'ignore_ament_install']
[0.461s] Level 1:colcon.colcon_core.package_identification:_identify(install) by extension 'ignore'
[0.461s] Level 1:colcon.colcon_core.package_identification:_identify(install) ignored
[0.461s] Level 1:colcon.colcon_core.package_identification:_identify(log) by extensions ['ignore', 'ignore_ament_install']
[0.461s] Level 1:colcon.colcon_core.package_identification:_identify(log) by extension 'ignore'
[0.461s] Level 1:colcon.colcon_core.package_identification:_identify(log) ignored
[0.461s] Level 1:colcon.colcon_core.package_identification:_identify(src) by extensions ['ignore', 'ignore_ament_install']
[0.461s] Level 1:colcon.colcon_core.package_identification:_identify(src) by extension 'ignore'
[0.461s] Level 1:colcon.colcon_core.package_identification:_identify(src) by extension 'ignore_ament_install'
[0.461s] Level 1:colcon.colcon_core.package_identification:_identify(src) by extensions ['colcon_pkg']
[0.461s] Level 1:colcon.colcon_core.package_identification:_identify(src) by extension 'colcon_pkg'
[0.461s] Level 1:colcon.colcon_core.package_identification:_identify(src) by extensions ['colcon_meta']
[0.461s] Level 1:colcon.colcon_core.package_identification:_identify(src) by extension 'colcon_meta'
[0.461s] Level 1:colcon.colcon_core.package_identification:_identify(src) by extensions ['ros']
[0.461s] Level 1:colcon.colcon_core.package_identification:_identify(src) by extension 'ros'
[0.461s] Level 1:colcon.colcon_core.package_identification:_identify(src) by extensions ['cmake', 'python']
[0.461s] Level 1:colcon.colcon_core.package_identification:_identify(src) by extension 'cmake'
[0.462s] Level 1:colcon.colcon_core.package_identification:_identify(src) by extension 'python'
[0.462s] Level 1:colcon.colcon_core.package_identification:_identify(src) by extensions ['python_setup_py']
[0.462s] Level 1:colcon.colcon_core.package_identification:_identify(src) by extension 'python_setup_py'
[0.462s] Level 1:colcon.colcon_core.package_identification:_identify(src/joy_tester) by extensions ['ignore', 'ignore_ament_install']
[0.462s] Level 1:colcon.colcon_core.package_identification:_identify(src/joy_tester) by extension 'ignore'
[0.462s] Level 1:colcon.colcon_core.package_identification:_identify(src/joy_tester) by extension 'ignore_ament_install'
[0.462s] Level 1:colcon.colcon_core.package_identification:_identify(src/joy_tester) by extensions ['colcon_pkg']
[0.462s] Level 1:colcon.colcon_core.package_identification:_identify(src/joy_tester) by extension 'colcon_pkg'
[0.462s] Level 1:colcon.colcon_core.package_identification:_identify(src/joy_tester) by extensions ['colcon_meta']
[0.462s] Level 1:colcon.colcon_core.package_identification:_identify(src/joy_tester) by extension 'colcon_meta'
[0.462s] Level 1:colcon.colcon_core.package_identification:_identify(src/joy_tester) by extensions ['ros']
[0.462s] Level 1:colcon.colcon_core.package_identification:_identify(src/joy_tester) by extension 'ros'
[0.464s] DEBUG:colcon.colcon_core.package_identification:Package 'src/joy_tester' with type 'ros.ament_python' and name 'joy_tester'
[0.464s] Level 1:colcon.colcon_core.package_identification:_identify(src/r1) by extensions ['ignore', 'ignore_ament_install']
[0.464s] Level 1:colcon.colcon_core.package_identification:_identify(src/r1) by extension 'ignore'
[0.464s] Level 1:colcon.colcon_core.package_identification:_identify(src/r1) by extension 'ignore_ament_install'
[0.464s] Level 1:colcon.colcon_core.package_identification:_identify(src/r1) by extensions ['colcon_pkg']
[0.464s] Level 1:colcon.colcon_core.package_identification:_identify(src/r1) by extension 'colcon_pkg'
[0.464s] Level 1:colcon.colcon_core.package_identification:_identify(src/r1) by extensions ['colcon_meta']
[0.464s] Level 1:colcon.colcon_core.package_identification:_identify(src/r1) by extension 'colcon_meta'
[0.464s] Level 1:colcon.colcon_core.package_identification:_identify(src/r1) by extensions ['ros']
[0.464s] Level 1:colcon.colcon_core.package_identification:_identify(src/r1) by extension 'ros'
[0.465s] DEBUG:colcon.colcon_core.package_identification:Package 'src/r1' with type 'ros.ament_cmake' and name 'r1'
[0.465s] Level 1:colcon.colcon_core.package_identification:_identify(test) by extensions ['ignore', 'ignore_ament_install']
[0.465s] Level 1:colcon.colcon_core.package_identification:_identify(test) by extension 'ignore'
[0.465s] Level 1:colcon.colcon_core.package_identification:_identify(test) by extension 'ignore_ament_install'
[0.465s] Level 1:colcon.colcon_core.package_identification:_identify(test) by extensions ['colcon_pkg']
[0.465s] Level 1:colcon.colcon_core.package_identification:_identify(test) by extension 'colcon_pkg'
[0.465s] Level 1:colcon.colcon_core.package_identification:_identify(test) by extensions ['colcon_meta']
[0.465s] Level 1:colcon.colcon_core.package_identification:_identify(test) by extension 'colcon_meta'
[0.465s] Level 1:colcon.colcon_core.package_identification:_identify(test) by extensions ['ros']
[0.465s] Level 1:colcon.colcon_core.package_identification:_identify(test) by extension 'ros'
[0.465s] Level 1:colcon.colcon_core.package_identification:_identify(test) by extensions ['cmake', 'python']
[0.465s] Level 1:colcon.colcon_core.package_identification:_identify(test) by extension 'cmake'
[0.465s] Level 1:colcon.colcon_core.package_identification:_identify(test) by extension 'python'
[0.465s] Level 1:colcon.colcon_core.package_identification:_identify(test) by extensions ['python_setup_py']
[0.465s] Level 1:colcon.colcon_core.package_identification:_identify(test) by extension 'python_setup_py'
[0.465s] Level 1:colcon.colcon_core.package_discovery:discover_packages(recursive) using defaults
[0.465s] Level 1:colcon.colcon_core.package_discovery:discover_packages(ignore) discover
[0.465s] Level 1:colcon.colcon_core.package_discovery:discover_packages(ignore) using defaults
[0.465s] Level 1:colcon.colcon_core.package_discovery:discover_packages(path) discover
[0.465s] Level 1:colcon.colcon_core.package_discovery:discover_packages(path) using defaults
[0.481s] Level 1:colcon.colcon_core.package_discovery:discover_packages(prefix_path) check parameters
[0.481s] Level 1:colcon.colcon_core.package_discovery:discover_packages(prefix_path) discover
[0.483s] DEBUG:colcon.colcon_installed_package_information.package_discovery:Found 2 installed packages in /home/tong/robocon_ws/r1_ws/install
[0.484s] DEBUG:colcon.colcon_installed_package_information.package_discovery:Found 291 installed packages in /opt/ros/foxy
[0.484s] Level 1:colcon.colcon_core.package_discovery:discover_packages(prefix_path) using defaults
[0.526s] Level 5:colcon.colcon_core.verb:set package 'joy_tester' build argument 'cmake_args' from command line to 'None'
[0.526s] Level 5:colcon.colcon_core.verb:set package 'joy_tester' build argument 'cmake_target' from command line to 'None'
[0.526s] Level 5:colcon.colcon_core.verb:set package 'joy_tester' build argument 'cmake_target_skip_unavailable' from command line to 'False'
[0.526s] Level 5:colcon.colcon_core.verb:set package 'joy_tester' build argument 'cmake_clean_cache' from command line to 'False'
[0.526s] Level 5:colcon.colcon_core.verb:set package 'joy_tester' build argument 'cmake_clean_first' from command line to 'False'
[0.526s] Level 5:colcon.colcon_core.verb:set package 'joy_tester' build argument 'cmake_force_configure' from command line to 'False'
[0.526s] Level 5:colcon.colcon_core.verb:set package 'joy_tester' build argument 'ament_cmake_args' from command line to 'None'
[0.526s] Level 5:colcon.colcon_core.verb:set package 'joy_tester' build argument 'catkin_cmake_args' from command line to 'None'
[0.526s] Level 5:colcon.colcon_core.verb:set package 'joy_tester' build argument 'catkin_skip_building_tests' from command line to 'False'
[0.526s] DEBUG:colcon.colcon_core.verb:Building package 'joy_tester' with the following arguments: {'ament_cmake_args': None, 'build_base': '/home/tong/robocon_ws/r1_ws/build/joy_tester', 'catkin_cmake_args': None, 'catkin_skip_building_tests': False, 'cmake_args': None, 'cmake_clean_cache': False, 'cmake_clean_first': False, 'cmake_force_configure': False, 'cmake_target': None, 'cmake_target_skip_unavailable': False, 'install_base': '/home/tong/robocon_ws/r1_ws/install/joy_tester', 'merge_install': False, 'path': '/home/tong/robocon_ws/r1_ws/src/joy_tester', 'symlink_install': False, 'test_result_base': None}
[0.527s] Level 5:colcon.colcon_core.verb:set package 'r1' build argument 'cmake_args' from command line to 'None'
[0.527s] Level 5:colcon.colcon_core.verb:set package 'r1' build argument 'cmake_target' from command line to 'None'
[0.527s] Level 5:colcon.colcon_core.verb:set package 'r1' build argument 'cmake_target_skip_unavailable' from command line to 'False'
[0.527s] Level 5:colcon.colcon_core.verb:set package 'r1' build argument 'cmake_clean_cache' from command line to 'False'
[0.527s] Level 5:colcon.colcon_core.verb:set package 'r1' build argument 'cmake_clean_first' from command line to 'False'
[0.527s] Level 5:colcon.colcon_core.verb:set package 'r1' build argument 'cmake_force_configure' from command line to 'False'
[0.527s] Level 5:colcon.colcon_core.verb:set package 'r1' build argument 'ament_cmake_args' from command line to 'None'
[0.527s] Level 5:colcon.colcon_core.verb:set package 'r1' build argument 'catkin_cmake_args' from command line to 'None'
[0.527s] Level 5:colcon.colcon_core.verb:set package 'r1' build argument 'catkin_skip_building_tests' from command line to 'False'
[0.527s] DEBUG:colcon.colcon_core.verb:Building package 'r1' with the following arguments: {'ament_cmake_args': None, 'build_base': '/home/tong/robocon_ws/r1_ws/build/r1', 'catkin_cmake_args': None, 'catkin_skip_building_tests': False, 'cmake_args': None, 'cmake_clean_cache': False, 'cmake_clean_first': False, 'cmake_force_configure': False, 'cmake_target': None, 'cmake_target_skip_unavailable': False, 'install_base': '/home/tong/robocon_ws/r1_ws/install/r1', 'merge_install': False, 'path': '/home/tong/robocon_ws/r1_ws/src/r1', 'symlink_install': False, 'test_result_base': None}
[0.527s] INFO:colcon.colcon_core.executor:Executing jobs using 'parallel' executor
[0.527s] DEBUG:colcon.colcon_parallel_executor.executor.parallel:run_until_complete
[0.528s] INFO:colcon.colcon_ros.task.ament_python.build:Building ROS package in '/home/tong/robocon_ws/r1_ws/src/joy_tester' with build type 'ament_python'
[0.528s] Level 1:colcon.colcon_core.shell:create_environment_hook('joy_tester', 'ament_prefix_path')
[0.530s] INFO:colcon.colcon_core.plugin_system:Skipping extension 'colcon_core.shell.bat': Not used on non-Windows systems
[0.530s] INFO:colcon.colcon_core.shell:Creating environment hook '/home/tong/robocon_ws/r1_ws/install/joy_tester/share/joy_tester/hook/ament_prefix_path.ps1'
[0.531s] INFO:colcon.colcon_core.shell:Creating environment descriptor '/home/tong/robocon_ws/r1_ws/install/joy_tester/share/joy_tester/hook/ament_prefix_path.dsv'
[0.531s] INFO:colcon.colcon_core.shell:Creating environment hook '/home/tong/robocon_ws/r1_ws/install/joy_tester/share/joy_tester/hook/ament_prefix_path.sh'
[0.532s] INFO:colcon.colcon_core.shell:Skip shell extension 'powershell' for command environment: Not usable outside of PowerShell
[0.532s] DEBUG:colcon.colcon_core.shell:Skip shell extension 'dsv' for command environment
[0.535s] INFO:colcon.colcon_ros.task.ament_cmake.build:Building ROS package in '/home/tong/robocon_ws/r1_ws/src/r1' with build type 'ament_cmake'
[0.535s] INFO:colcon.colcon_cmake.task.cmake.build:Building CMake package in '/home/tong/robocon_ws/r1_ws/src/r1'
[0.535s] INFO:colcon.colcon_core.shell:Skip shell extension 'powershell' for command environment: Not usable outside of PowerShell
[0.535s] DEBUG:colcon.colcon_core.shell:Skip shell extension 'dsv' for command environment
[0.752s] INFO:colcon.colcon_core.task.python.build:Building Python package in '/home/tong/robocon_ws/r1_ws/src/joy_tester'
[0.754s] INFO:colcon.colcon_core.shell:Skip shell extension 'powershell' for command environment: Not usable outside of PowerShell
[0.754s] DEBUG:colcon.colcon_core.shell:Skip shell extension 'dsv' for command environment
[0.764s] DEBUG:colcon.colcon_core.event_handler.log_command:Invoking command in '/home/tong/robocon_ws/r1_ws/build/r1': CMAKE_PREFIX_PATH=${CMAKE_PREFIX_PATH}:/home/tong/robocon_ws/r1_ws/install/joy_tester:/opt/ros/foxy /usr/bin/cmake --build /home/tong/robocon_ws/r1_ws/build/r1 -- -j12 -l12
[1.199s] DEBUG:colcon.colcon_core.event_handler.log_command:Invoking command in '/home/tong/robocon_ws/r1_ws/src/joy_tester': PYTHONPATH=/home/tong/robocon_ws/r1_ws/build/joy_tester/prefix_override:/home/tong/robocon_ws/r1_ws/install/joy_tester/lib/python3.8/site-packages:${PYTHONPATH} /usr/bin/python3 -W ignore:setup.py install is deprecated setup.py egg_info --egg-base ../../build/joy_tester build --build-base /home/tong/robocon_ws/r1_ws/build/joy_tester/build install --record /home/tong/robocon_ws/r1_ws/build/joy_tester/install.log --single-version-externally-managed install_data
[1.304s] DEBUG:colcon.colcon_core.event_handler.log_command:Invoked command in '/home/tong/robocon_ws/r1_ws/build/r1' returned '0': CMAKE_PREFIX_PATH=${CMAKE_PREFIX_PATH}:/home/tong/robocon_ws/r1_ws/install/joy_tester:/opt/ros/foxy /usr/bin/cmake --build /home/tong/robocon_ws/r1_ws/build/r1 -- -j12 -l12
[1.318s] DEBUG:colcon.colcon_core.event_handler.log_command:Invoking command in '/home/tong/robocon_ws/r1_ws/build/r1': CMAKE_PREFIX_PATH=${CMAKE_PREFIX_PATH}:/home/tong/robocon_ws/r1_ws/install/joy_tester:/opt/ros/foxy /usr/bin/cmake --install /home/tong/robocon_ws/r1_ws/build/r1
[1.321s] Level 1:colcon.colcon_core.environment:create_environment_scripts_only(r1)
[1.323s] DEBUG:colcon.colcon_core.event_handler.log_command:Invoked command in '/home/tong/robocon_ws/r1_ws/build/r1' returned '0': CMAKE_PREFIX_PATH=${CMAKE_PREFIX_PATH}:/home/tong/robocon_ws/r1_ws/install/joy_tester:/opt/ros/foxy /usr/bin/cmake --install /home/tong/robocon_ws/r1_ws/build/r1
[1.325s] Level 1:colcon.colcon_core.environment:checking '/home/tong/robocon_ws/r1_ws/install/r1' for CMake module files
[1.325s] Level 1:colcon.colcon_core.environment:checking '/home/tong/robocon_ws/r1_ws/install/r1' for CMake config files
[1.326s] Level 1:colcon.colcon_core.shell:create_environment_hook('r1', 'cmake_prefix_path')
[1.326s] INFO:colcon.colcon_core.shell:Creating environment hook '/home/tong/robocon_ws/r1_ws/install/r1/share/r1/hook/cmake_prefix_path.ps1'
[1.326s] INFO:colcon.colcon_core.shell:Creating environment descriptor '/home/tong/robocon_ws/r1_ws/install/r1/share/r1/hook/cmake_prefix_path.dsv'
[1.327s] INFO:colcon.colcon_core.shell:Creating environment hook '/home/tong/robocon_ws/r1_ws/install/r1/share/r1/hook/cmake_prefix_path.sh'
[1.327s] Level 1:colcon.colcon_core.environment:checking '/home/tong/robocon_ws/r1_ws/install/r1/lib'
[1.327s] Level 1:colcon.colcon_core.environment:checking '/home/tong/robocon_ws/r1_ws/install/r1/bin'
[1.327s] Level 1:colcon.colcon_core.environment:checking '/home/tong/robocon_ws/r1_ws/install/r1/lib/pkgconfig/r1.pc'
[1.327s] Level 1:colcon.colcon_core.environment:checking '/home/tong/robocon_ws/r1_ws/install/r1/lib/python3.8/site-packages'
[1.327s] Level 1:colcon.colcon_core.environment:checking '/home/tong/robocon_ws/r1_ws/install/r1/bin'
[1.328s] INFO:colcon.colcon_core.shell:Creating package script '/home/tong/robocon_ws/r1_ws/install/r1/share/r1/package.ps1'
[1.328s] INFO:colcon.colcon_core.shell:Creating package descriptor '/home/tong/robocon_ws/r1_ws/install/r1/share/r1/package.dsv'
[1.329s] INFO:colcon.colcon_core.shell:Creating package script '/home/tong/robocon_ws/r1_ws/install/r1/share/r1/package.sh'
[1.329s] INFO:colcon.colcon_core.shell:Creating package script '/home/tong/robocon_ws/r1_ws/install/r1/share/r1/package.bash'
[1.330s] INFO:colcon.colcon_core.shell:Creating package script '/home/tong/robocon_ws/r1_ws/install/r1/share/r1/package.zsh'
[1.330s] Level 1:colcon.colcon_core.environment:create_file_with_runtime_dependencies(/home/tong/robocon_ws/r1_ws/install/r1/share/colcon-core/packages/r1)
[1.341s] Level 1:colcon.colcon_core.environment:create_environment_scripts_only(r1)
[1.341s] Level 1:colcon.colcon_core.environment:checking '/home/tong/robocon_ws/r1_ws/install/r1' for CMake module files
[1.342s] Level 1:colcon.colcon_core.environment:checking '/home/tong/robocon_ws/r1_ws/install/r1' for CMake config files
[1.342s] Level 1:colcon.colcon_core.shell:create_environment_hook('r1', 'cmake_prefix_path')
[1.342s] INFO:colcon.colcon_core.shell:Creating environment hook '/home/tong/robocon_ws/r1_ws/install/r1/share/r1/hook/cmake_prefix_path.ps1'
[1.343s] INFO:colcon.colcon_core.shell:Creating environment descriptor '/home/tong/robocon_ws/r1_ws/install/r1/share/r1/hook/cmake_prefix_path.dsv'
[1.343s] INFO:colcon.colcon_core.shell:Creating environment hook '/home/tong/robocon_ws/r1_ws/install/r1/share/r1/hook/cmake_prefix_path.sh'
[1.344s] Level 1:colcon.colcon_core.environment:checking '/home/tong/robocon_ws/r1_ws/install/r1/lib'
[1.344s] Level 1:colcon.colcon_core.environment:checking '/home/tong/robocon_ws/r1_ws/install/r1/bin'
[1.344s] Level 1:colcon.colcon_core.environment:checking '/home/tong/robocon_ws/r1_ws/install/r1/lib/pkgconfig/r1.pc'
[1.344s] Level 1:colcon.colcon_core.environment:checking '/home/tong/robocon_ws/r1_ws/install/r1/lib/python3.8/site-packages'
[1.344s] Level 1:colcon.colcon_core.environment:checking '/home/tong/robocon_ws/r1_ws/install/r1/bin'
[1.344s] INFO:colcon.colcon_core.shell:Creating package script '/home/tong/robocon_ws/r1_ws/install/r1/share/r1/package.ps1'
[1.345s] INFO:colcon.colcon_core.shell:Creating package descriptor '/home/tong/robocon_ws/r1_ws/install/r1/share/r1/package.dsv'
[1.345s] INFO:colcon.colcon_core.shell:Creating package script '/home/tong/robocon_ws/r1_ws/install/r1/share/r1/package.sh'
[1.346s] INFO:colcon.colcon_core.shell:Creating package script '/home/tong/robocon_ws/r1_ws/install/r1/share/r1/package.bash'
[1.346s] INFO:colcon.colcon_core.shell:Creating package script '/home/tong/robocon_ws/r1_ws/install/r1/share/r1/package.zsh'
[1.346s] Level 1:colcon.colcon_core.environment:create_file_with_runtime_dependencies(/home/tong/robocon_ws/r1_ws/install/r1/share/colcon-core/packages/r1)
[1.430s] Level 1:colcon.colcon_core.environment:checking '/home/tong/robocon_ws/r1_ws/install/joy_tester' for CMake module files
[1.431s] DEBUG:colcon.colcon_core.event_handler.log_command:Invoked command in '/home/tong/robocon_ws/r1_ws/src/joy_tester' returned '0': PYTHONPATH=/home/tong/robocon_ws/r1_ws/build/joy_tester/prefix_override:/home/tong/robocon_ws/r1_ws/install/joy_tester/lib/python3.8/site-packages:${PYTHONPATH} /usr/bin/python3 -W ignore:setup.py install is deprecated setup.py egg_info --egg-base ../../build/joy_tester build --build-base /home/tong/robocon_ws/r1_ws/build/joy_tester/build install --record /home/tong/robocon_ws/r1_ws/build/joy_tester/install.log --single-version-externally-managed install_data
[1.431s] Level 1:colcon.colcon_core.environment:checking '/home/tong/robocon_ws/r1_ws/install/joy_tester' for CMake config files
[1.432s] Level 1:colcon.colcon_core.environment:checking '/home/tong/robocon_ws/r1_ws/install/joy_tester/lib'
[1.432s] Level 1:colcon.colcon_core.environment:checking '/home/tong/robocon_ws/r1_ws/install/joy_tester/bin'
[1.432s] Level 1:colcon.colcon_core.environment:checking '/home/tong/robocon_ws/r1_ws/install/joy_tester/lib/pkgconfig/joy_tester.pc'
[1.432s] Level 1:colcon.colcon_core.environment:checking '/home/tong/robocon_ws/r1_ws/install/joy_tester/lib/python3.8/site-packages'
[1.432s] Level 1:colcon.colcon_core.shell:create_environment_hook('joy_tester', 'pythonpath')
[1.432s] INFO:colcon.colcon_core.shell:Creating environment hook '/home/tong/robocon_ws/r1_ws/install/joy_tester/share/joy_tester/hook/pythonpath.ps1'
[1.433s] INFO:colcon.colcon_core.shell:Creating environment descriptor '/home/tong/robocon_ws/r1_ws/install/joy_tester/share/joy_tester/hook/pythonpath.dsv'
[1.433s] INFO:colcon.colcon_core.shell:Creating environment hook '/home/tong/robocon_ws/r1_ws/install/joy_tester/share/joy_tester/hook/pythonpath.sh'
[1.433s] Level 1:colcon.colcon_core.environment:checking '/home/tong/robocon_ws/r1_ws/install/joy_tester/bin'
[1.433s] Level 1:colcon.colcon_core.environment:create_environment_scripts_only(joy_tester)
[1.433s] INFO:colcon.colcon_core.shell:Creating package script '/home/tong/robocon_ws/r1_ws/install/joy_tester/share/joy_tester/package.ps1'
[1.434s] INFO:colcon.colcon_core.shell:Creating package descriptor '/home/tong/robocon_ws/r1_ws/install/joy_tester/share/joy_tester/package.dsv'
[1.434s] INFO:colcon.colcon_core.shell:Creating package script '/home/tong/robocon_ws/r1_ws/install/joy_tester/share/joy_tester/package.sh'
[1.434s] INFO:colcon.colcon_core.shell:Creating package script '/home/tong/robocon_ws/r1_ws/install/joy_tester/share/joy_tester/package.bash'
[1.434s] INFO:colcon.colcon_core.shell:Creating package script '/home/tong/robocon_ws/r1_ws/install/joy_tester/share/joy_tester/package.zsh'
[1.434s] Level 1:colcon.colcon_core.environment:create_file_with_runtime_dependencies(/home/tong/robocon_ws/r1_ws/install/joy_tester/share/colcon-core/packages/joy_tester)
[1.434s] DEBUG:colcon.colcon_parallel_executor.executor.parallel:closing loop
[1.434s] DEBUG:colcon.colcon_parallel_executor.executor.parallel:loop closed
[1.434s] DEBUG:colcon.colcon_parallel_executor.executor.parallel:run_until_complete finished with '0'
[1.435s] DEBUG:colcon.colcon_core.event_reactor:joining thread
[1.440s] INFO:colcon.colcon_core.plugin_system:Skipping extension 'colcon_notification.desktop_notification.terminal_notifier': Not used on non-Darwin systems
[1.440s] INFO:colcon.colcon_core.plugin_system:Skipping extension 'colcon_notification.desktop_notification.win32': Not used on non-Windows systems
[1.440s] INFO:colcon.colcon_notification.desktop_notification:Sending desktop notification using 'notify2'
[1.450s] DEBUG:colcon.colcon_core.event_reactor:joined thread
[1.450s] INFO:colcon.colcon_core.shell:Creating prefix script '/home/tong/robocon_ws/r1_ws/install/local_setup.ps1'
[1.451s] INFO:colcon.colcon_core.shell:Creating prefix util module '/home/tong/robocon_ws/r1_ws/install/_local_setup_util_ps1.py'
[1.452s] INFO:colcon.colcon_core.shell:Creating prefix chain script '/home/tong/robocon_ws/r1_ws/install/setup.ps1'
[1.452s] INFO:colcon.colcon_core.shell:Creating prefix script '/home/tong/robocon_ws/r1_ws/install/local_setup.sh'
[1.453s] INFO:colcon.colcon_core.shell:Creating prefix util module '/home/tong/robocon_ws/r1_ws/install/_local_setup_util_sh.py'
[1.453s] INFO:colcon.colcon_core.shell:Creating prefix chain script '/home/tong/robocon_ws/r1_ws/install/setup.sh'
[1.454s] INFO:colcon.colcon_core.shell:Creating prefix script '/home/tong/robocon_ws/r1_ws/install/local_setup.bash'
[1.454s] INFO:colcon.colcon_core.shell:Creating prefix chain script '/home/tong/robocon_ws/r1_ws/install/setup.bash'
[1.455s] INFO:colcon.colcon_core.shell:Creating prefix script '/home/tong/robocon_ws/r1_ws/install/local_setup.zsh'
[1.455s] INFO:colcon.colcon_core.shell:Creating prefix chain script '/home/tong/robocon_ws/r1_ws/install/setup.zsh'
