[0.008s] Invoking command in '/home/tong/robocon_ws/r1_ws/build/r1': CMAKE_PREFIX_PATH=${CMAKE_PREFIX_PATH}:/opt/ros/foxy /usr/bin/cmake --build /home/tong/robocon_ws/r1_ws/build/r1 -- -j12 -l12
[0.019s] -- Found ament_cmake: 0.9.12 (/opt/ros/foxy/share/ament_cmake/cmake)
[0.034s] -- Using PYTHON_EXECUTABLE: /usr/bin/python3
[0.183s] -- Found rclpy: 1.0.13 (/opt/ros/foxy/share/rclpy/cmake)
[0.183s] -- Found geometry_msgs: 2.0.5 (/opt/ros/foxy/share/geometry_msgs/cmake)
[0.196s] -- Using all available rosidl_typesupport_c: rosidl_typesupport_fastrtps_c;rosidl_typesupport_introspection_c
[0.198s] -- Found rosidl_adapter: 1.3.1 (/opt/ros/foxy/share/rosidl_adapter/cmake)
[0.275s] -- Using all available rosidl_typesupport_cpp: rosidl_typesupport_fastrtps_cpp;rosidl_typesupport_introspection_cpp
[0.315s] -- Found sensor_msgs: 2.0.5 (/opt/ros/foxy/share/sensor_msgs/cmake)
[0.390s] -- Configuring done
[0.393s] -- Generating done
[0.393s] -- Build files have been written to: /home/tong/robocon_ws/r1_ws/build/r1
[0.404s] Invoked command in '/home/tong/robocon_ws/r1_ws/build/r1' returned '0': CMAKE_PREFIX_PATH=${CMAKE_PREFIX_PATH}:/opt/ros/foxy /usr/bin/cmake --build /home/tong/robocon_ws/r1_ws/build/r1 -- -j12 -l12
[0.420s] Invoking command in '/home/tong/robocon_ws/r1_ws/build/r1': CMAKE_PREFIX_PATH=${CMAKE_PREFIX_PATH}:/opt/ros/foxy /usr/bin/cmake --install /home/tong/robocon_ws/r1_ws/build/r1
[0.422s] -- Install configuration: ""
[0.423s] -- Up-to-date: /home/tong/robocon_ws/r1_ws/install/r1/lib/r1/robot_movement.py
[0.423s] -- Up-to-date: /home/tong/robocon_ws/r1_ws/install/r1/lib/r1/serialarduino.py
[0.423s] -- Installing: /home/tong/robocon_ws/r1_ws/install/r1/lib/r1/odometry.py
[0.423s] -- Installing: /home/tong/robocon_ws/r1_ws/install/r1/lib/r1/teleop_robot.py
[0.423s] -- Up-to-date: /home/tong/robocon_ws/r1_ws/install/r1/lib/r1/src
[0.423s] -- Installing: /home/tong/robocon_ws/r1_ws/install/r1/lib/r1/src/odometry.py
[0.423s] -- Up-to-date: /home/tong/robocon_ws/r1_ws/install/r1/lib/r1/src/serialarduino.py
[0.424s] -- Up-to-date: /home/tong/robocon_ws/r1_ws/install/r1/lib/r1/src/robot_movement.py
[0.425s] -- Up-to-date: /home/tong/robocon_ws/r1_ws/install/r1/lib/r1/src/teleop_robot.py
[0.425s] -- Up-to-date: /home/tong/robocon_ws/r1_ws/install/r1/share/r1/launch
[0.425s] -- Up-to-date: /home/tong/robocon_ws/r1_ws/install/r1/share/r1/launch/camera.launch.py
[0.426s] -- Installing: /home/tong/robocon_ws/r1_ws/install/r1/share/r1/launch/r1.launch.py
[0.426s] -- Up-to-date: /home/tong/robocon_ws/r1_ws/install/r1/share/ament_index/resource_index/package_run_dependencies/r1
[0.426s] -- Up-to-date: /home/tong/robocon_ws/r1_ws/install/r1/share/ament_index/resource_index/parent_prefix_path/r1
[0.427s] -- Up-to-date: /home/tong/robocon_ws/r1_ws/install/r1/share/r1/environment/ament_prefix_path.sh
[0.427s] -- Installing: /home/tong/robocon_ws/r1_ws/install/r1/share/r1/environment/ament_prefix_path.dsv
[0.427s] -- Up-to-date: /home/tong/robocon_ws/r1_ws/install/r1/share/r1/environment/path.sh
[0.427s] -- Installing: /home/tong/robocon_ws/r1_ws/install/r1/share/r1/environment/path.dsv
[0.427s] -- Up-to-date: /home/tong/robocon_ws/r1_ws/install/r1/share/r1/local_setup.bash
[0.427s] -- Up-to-date: /home/tong/robocon_ws/r1_ws/install/r1/share/r1/local_setup.sh
[0.427s] -- Up-to-date: /home/tong/robocon_ws/r1_ws/install/r1/share/r1/local_setup.zsh
[0.427s] -- Installing: /home/tong/robocon_ws/r1_ws/install/r1/share/r1/local_setup.dsv
[0.428s] -- Installing: /home/tong/robocon_ws/r1_ws/install/r1/share/r1/package.dsv
[0.428s] -- Up-to-date: /home/tong/robocon_ws/r1_ws/install/r1/share/ament_index/resource_index/packages/r1
[0.428s] -- Up-to-date: /home/tong/robocon_ws/r1_ws/install/r1/share/r1/cmake/r1Config.cmake
[0.428s] -- Up-to-date: /home/tong/robocon_ws/r1_ws/install/r1/share/r1/cmake/r1Config-version.cmake
[0.428s] -- Up-to-date: /home/tong/robocon_ws/r1_ws/install/r1/share/r1/package.xml
[0.428s] Invoked command in '/home/tong/robocon_ws/r1_ws/build/r1' returned '0': CMAKE_PREFIX_PATH=${CMAKE_PREFIX_PATH}:/opt/ros/foxy /usr/bin/cmake --install /home/tong/robocon_ws/r1_ws/build/r1
