[0.008s] Invoking command in '/home/tong/robocon_ws/r1_ws/build/r1': CMAKE_PREFIX_PATH=${CMAKE_PREFIX_PATH}:/opt/ros/foxy /usr/bin/cmake --build /home/tong/robocon_ws/r1_ws/build/r1 -- -j12 -l12
[0.036s] Invoked command in '/home/tong/robocon_ws/r1_ws/build/r1' returned '0': CMAKE_PREFIX_PATH=${CMAKE_PREFIX_PATH}:/opt/ros/foxy /usr/bin/cmake --build /home/tong/robocon_ws/r1_ws/build/r1 -- -j12 -l12
[0.062s] Invoking command in '/home/tong/robocon_ws/r1_ws/build/r1': CMAKE_PREFIX_PATH=${CMAKE_PREFIX_PATH}:/opt/ros/foxy /usr/bin/cmake --install /home/tong/robocon_ws/r1_ws/build/r1
[0.064s] -- Install configuration: ""
[0.064s] -- Up-to-date: /home/tong/robocon_ws/r1_ws/install/r1/lib/r1/robot_movement.py
[0.065s] -- Up-to-date: /home/tong/robocon_ws/r1_ws/install/r1/lib/r1/serialarduino.py
[0.065s] -- Up-to-date: /home/tong/robocon_ws/r1_ws/install/r1/lib/r1/src
[0.065s] -- Up-to-date: /home/tong/robocon_ws/r1_ws/install/r1/lib/r1/src/odometry.py
[0.065s] -- Up-to-date: /home/tong/robocon_ws/r1_ws/install/r1/lib/r1/src/serialarduino.py
[0.065s] -- Up-to-date: /home/tong/robocon_ws/r1_ws/install/r1/lib/r1/src/robot_movement.py
[0.065s] -- Up-to-date: /home/tong/robocon_ws/r1_ws/install/r1/lib/r1/src/teleop_robot.py
[0.065s] -- Up-to-date: /home/tong/robocon_ws/r1_ws/install/r1/share/r1/launch
[0.065s] -- Up-to-date: /home/tong/robocon_ws/r1_ws/install/r1/share/r1/launch/camera.launch.py
[0.066s] -- Up-to-date: /home/tong/robocon_ws/r1_ws/install/r1/share/r1/launch/r1.launch.py
[0.066s] -- Up-to-date: /home/tong/robocon_ws/r1_ws/install/r1/share/ament_index/resource_index/package_run_dependencies/r1
[0.066s] -- Up-to-date: /home/tong/robocon_ws/r1_ws/install/r1/share/ament_index/resource_index/parent_prefix_path/r1
[0.067s] -- Up-to-date: /home/tong/robocon_ws/r1_ws/install/r1/share/r1/environment/ament_prefix_path.sh
[0.067s] -- Up-to-date: /home/tong/robocon_ws/r1_ws/install/r1/share/r1/environment/ament_prefix_path.dsv
[0.067s] -- Up-to-date: /home/tong/robocon_ws/r1_ws/install/r1/share/r1/environment/path.sh
[0.067s] -- Up-to-date: /home/tong/robocon_ws/r1_ws/install/r1/share/r1/environment/path.dsv
[0.067s] -- Up-to-date: /home/tong/robocon_ws/r1_ws/install/r1/share/r1/local_setup.bash
[0.067s] -- Up-to-date: /home/tong/robocon_ws/r1_ws/install/r1/share/r1/local_setup.sh
[0.067s] -- Up-to-date: /home/tong/robocon_ws/r1_ws/install/r1/share/r1/local_setup.zsh
[0.068s] -- Up-to-date: /home/tong/robocon_ws/r1_ws/install/r1/share/r1/local_setup.dsv
[0.068s] -- Up-to-date: /home/tong/robocon_ws/r1_ws/install/r1/share/r1/package.dsv
[0.068s] -- Up-to-date: /home/tong/robocon_ws/r1_ws/install/r1/share/ament_index/resource_index/packages/r1
[0.068s] -- Up-to-date: /home/tong/robocon_ws/r1_ws/install/r1/share/r1/cmake/r1Config.cmake
[0.068s] -- Up-to-date: /home/tong/robocon_ws/r1_ws/install/r1/share/r1/cmake/r1Config-version.cmake
[0.068s] -- Up-to-date: /home/tong/robocon_ws/r1_ws/install/r1/share/r1/package.xml
[0.069s] Invoked command in '/home/tong/robocon_ws/r1_ws/build/r1' returned '0': CMAKE_PREFIX_PATH=${CMAKE_PREFIX_PATH}:/opt/ros/foxy /usr/bin/cmake --install /home/tong/robocon_ws/r1_ws/build/r1
